<?xml version="1.0" encoding="UTF-8"?>
<!-- Generated by org.testng.reporters.JUnitReportReporter -->
<testsuite hostname="LAPTOP-9LIRRKJQ" failures="0" tests="2" name="TestScript.ProductPageTest" time="26.495" errors="0" timestamp="2023-08-19T12:41:12 IST" skipped="0">
  <testcase classname="TestScript.ProductPageTest" name="Product_Test_case01" time="13.042"/>
  <testcase classname="TestScript.ProductPageTest" name="Product_Test_case02" time="13.453"/>
</testsuite> <!-- TestScript.ProductPageTest -->
