<?xml version="1.0" encoding="UTF-8"?>
<!-- Generated by org.testng.reporters.JUnitReportReporter -->
<testsuite hostname="LAPTOP-9LIRRKJQ" failures="0" tests="2" name="TestScript.LoginTest" time="12.034" errors="0" timestamp="2023-08-19T12:41:12 IST" skipped="0">
  <testcase classname="TestScript.LoginTest" name="Login_Test_case01" time="7.376"/>
  <testcase classname="TestScript.LoginTest" name="Login_Test_case02" time="4.658"/>
</testsuite> <!-- TestScript.LoginTest -->
