<?xml version="1.0" encoding="UTF-8"?>
<!-- Generated by org.testng.reporters.JUnitReportReporter -->
<testsuite hostname="LAPTOP-9LIRRKJQ" failures="0" tests="2" name="TestScript.LoginTest" time="17.874" errors="0" timestamp="2023-08-19T12:37:16 IST" skipped="0">
  <testcase classname="TestScript.LoginTest" name="Login_Test_case02" time="4.290"/>
  <testcase classname="TestScript.LoginTest" name="Login_Test_case01" time="13.584"/>
</testsuite> <!-- TestScript.LoginTest -->
