<?xml version="1.0" encoding="UTF-8"?>
<!-- Generated by org.testng.reporters.JUnitReportReporter -->
<testsuite hostname="LAPTOP-9LIRRKJQ" failures="0" tests="1" name="Wait_IN_Selenium.DatePicker" time="18.054" errors="0" timestamp="2023-08-29T22:08:37 IST" skipped="0">
  <testcase classname="Wait_IN_Selenium.DatePicker" name="Date_pick_Test" time="18.054"/>
</testsuite> <!-- Wait_IN_Selenium.DatePicker -->
