<?xml version="1.0" encoding="UTF-8"?>
<!-- Generated by org.testng.reporters.JUnitReportReporter -->
<testsuite hostname="LAPTOP-9LIRRKJQ" failures="0" tests="1" name="Wait_IN_Selenium.DatePicker" time="26.236" errors="0" timestamp="2023-08-30T18:26:05 IST" skipped="0">
  <testcase classname="Wait_IN_Selenium.DatePicker" name="Date_pick_Test" time="26.236"/>
</testsuite> <!-- Wait_IN_Selenium.DatePicker -->
